<?xml version="1.0" encoding="UTF-8"?>
<testsuite xmlns:xsi="http://www.w3.org/2001/XMLSchema-instance" xsi:noNamespaceSchemaLocation="https://maven.apache.org/surefire/maven-surefire-plugin/xsd/surefire-test-report.xsd" name="com.bfs.auth.AuthApplicationTests" time="4.772" tests="1" errors="0" skipped="0" failures="0">
  <properties>
    <property name="sun.desktop" value="windows"/>
    <property name="awt.toolkit" value="sun.awt.windows.WToolkit"/>
    <property name="file.encoding.pkg" value="sun.io"/>
    <property name="java.specification.version" value="1.8"/>
    <property name="sun.cpu.isalist" value="pentium_pro+mmx pentium_pro pentium+mmx pentium i486 i386 i86"/>
    <property name="sun.jnu.encoding" value="GBK"/>
    <property name="java.class.path" value="C:\Users\bbq59\Documents\GitHub\BestTeamEver-Auth\target\test-classes;C:\Users\bbq59\Documents\GitHub\BestTeamEver-Auth\target\classes;d:\maven-repo\org\springframework\boot\spring-boot-starter-web\2.4.2\spring-boot-starter-web-2.4.2.jar;d:\maven-repo\org\springframework\boot\spring-boot-starter\2.4.2\spring-boot-starter-2.4.2.jar;d:\maven-repo\org\springframework\boot\spring-boot\2.4.2\spring-boot-2.4.2.jar;d:\maven-repo\org\springframework\boot\spring-boot-autoconfigure\2.4.2\spring-boot-autoconfigure-2.4.2.jar;d:\maven-repo\org\springframework\boot\spring-boot-starter-logging\2.4.2\spring-boot-starter-logging-2.4.2.jar;d:\maven-repo\ch\qos\logback\logback-classic\1.2.3\logback-classic-1.2.3.jar;d:\maven-repo\ch\qos\logback\logback-core\1.2.3\logback-core-1.2.3.jar;d:\maven-repo\org\apache\logging\log4j\log4j-to-slf4j\2.13.3\log4j-to-slf4j-2.13.3.jar;d:\maven-repo\org\apache\logging\log4j\log4j-api\2.13.3\log4j-api-2.13.3.jar;d:\maven-repo\org\slf4j\jul-to-slf4j\1.7.30\jul-to-slf4j-1.7.30.jar;d:\maven-repo\org\yaml\snakeyaml\1.27\snakeyaml-1.27.jar;d:\maven-repo\org\springframework\boot\spring-boot-starter-json\2.4.2\spring-boot-starter-json-2.4.2.jar;d:\maven-repo\com\fasterxml\jackson\datatype\jackson-datatype-jdk8\2.11.4\jackson-datatype-jdk8-2.11.4.jar;d:\maven-repo\com\fasterxml\jackson\datatype\jackson-datatype-jsr310\2.11.4\jackson-datatype-jsr310-2.11.4.jar;d:\maven-repo\com\fasterxml\jackson\module\jackson-module-parameter-names\2.11.4\jackson-module-parameter-names-2.11.4.jar;d:\maven-repo\org\springframework\spring-web\5.3.3\spring-web-5.3.3.jar;d:\maven-repo\org\springframework\spring-webmvc\5.3.3\spring-webmvc-5.3.3.jar;d:\maven-repo\org\springframework\spring-aop\5.3.3\spring-aop-5.3.3.jar;d:\maven-repo\org\springframework\spring-context\5.3.3\spring-context-5.3.3.jar;d:\maven-repo\org\springframework\spring-expression\5.3.3\spring-expression-5.3.3.jar;d:\maven-repo\org\projectlombok\lombok\1.18.16\lombok-1.18.16.jar;d:\maven-repo\org\springframework\boot\spring-boot-starter-tomcat\2.4.2\spring-boot-starter-tomcat-2.4.2.jar;d:\maven-repo\jakarta\annotation\jakarta.annotation-api\1.3.5\jakarta.annotation-api-1.3.5.jar;d:\maven-repo\org\apache\tomcat\embed\tomcat-embed-core\9.0.41\tomcat-embed-core-9.0.41.jar;d:\maven-repo\org\glassfish\jakarta.el\3.0.3\jakarta.el-3.0.3.jar;d:\maven-repo\org\apache\tomcat\embed\tomcat-embed-websocket\9.0.41\tomcat-embed-websocket-9.0.41.jar;d:\maven-repo\org\springframework\boot\spring-boot-starter-test\2.4.2\spring-boot-starter-test-2.4.2.jar;d:\maven-repo\org\springframework\boot\spring-boot-test\2.4.2\spring-boot-test-2.4.2.jar;d:\maven-repo\org\springframework\boot\spring-boot-test-autoconfigure\2.4.2\spring-boot-test-autoconfigure-2.4.2.jar;d:\maven-repo\com\jayway\jsonpath\json-path\2.4.0\json-path-2.4.0.jar;d:\maven-repo\net\minidev\json-smart\2.3\json-smart-2.3.jar;d:\maven-repo\net\minidev\accessors-smart\1.2\accessors-smart-1.2.jar;d:\maven-repo\org\ow2\asm\asm\5.0.4\asm-5.0.4.jar;d:\maven-repo\org\slf4j\slf4j-api\1.7.30\slf4j-api-1.7.30.jar;d:\maven-repo\jakarta\xml\bind\jakarta.xml.bind-api\2.3.3\jakarta.xml.bind-api-2.3.3.jar;d:\maven-repo\jakarta\activation\jakarta.activation-api\1.2.2\jakarta.activation-api-1.2.2.jar;d:\maven-repo\org\assertj\assertj-core\3.18.1\assertj-core-3.18.1.jar;d:\maven-repo\org\hamcrest\hamcrest\2.2\hamcrest-2.2.jar;d:\maven-repo\org\junit\jupiter\junit-jupiter\5.7.0\junit-jupiter-5.7.0.jar;d:\maven-repo\org\junit\jupiter\junit-jupiter-api\5.7.0\junit-jupiter-api-5.7.0.jar;d:\maven-repo\org\apiguardian\apiguardian-api\1.1.0\apiguardian-api-1.1.0.jar;d:\maven-repo\org\opentest4j\opentest4j\1.2.0\opentest4j-1.2.0.jar;d:\maven-repo\org\junit\platform\junit-platform-commons\1.7.0\junit-platform-commons-1.7.0.jar;d:\maven-repo\org\junit\jupiter\junit-jupiter-params\5.7.0\junit-jupiter-params-5.7.0.jar;d:\maven-repo\org\junit\jupiter\junit-jupiter-engine\5.7.0\junit-jupiter-engine-5.7.0.jar;d:\maven-repo\org\junit\platform\junit-platform-engine\1.7.0\junit-platform-engine-1.7.0.jar;d:\maven-repo\org\mockito\mockito-core\3.6.28\mockito-core-3.6.28.jar;d:\maven-repo\net\bytebuddy\byte-buddy-agent\1.10.19\byte-buddy-agent-1.10.19.jar;d:\maven-repo\org\objenesis\objenesis\3.1\objenesis-3.1.jar;d:\maven-repo\org\mockito\mockito-junit-jupiter\3.6.28\mockito-junit-jupiter-3.6.28.jar;d:\maven-repo\org\skyscreamer\jsonassert\1.5.0\jsonassert-1.5.0.jar;d:\maven-repo\com\vaadin\external\google\android-json\0.0.20131108.vaadin1\android-json-0.0.20131108.vaadin1.jar;d:\maven-repo\org\springframework\spring-core\5.3.3\spring-core-5.3.3.jar;d:\maven-repo\org\springframework\spring-jcl\5.3.3\spring-jcl-5.3.3.jar;d:\maven-repo\org\springframework\spring-test\5.3.3\spring-test-5.3.3.jar;d:\maven-repo\org\xmlunit\xmlunit-core\2.7.0\xmlunit-core-2.7.0.jar;d:\maven-repo\javax\javaee-web-api\8.0.1\javaee-web-api-8.0.1.jar;d:\maven-repo\mysql\mysql-connector-java\8.0.21\mysql-connector-java-8.0.21.jar;d:\maven-repo\org\springframework\spring-orm\5.3.3\spring-orm-5.3.3.jar;d:\maven-repo\org\springframework\spring-beans\5.3.3\spring-beans-5.3.3.jar;d:\maven-repo\org\springframework\spring-jdbc\5.3.3\spring-jdbc-5.3.3.jar;d:\maven-repo\org\springframework\spring-tx\5.3.3\spring-tx-5.3.3.jar;d:\maven-repo\org\apache\tomcat\embed\tomcat-embed-jasper\9.0.41\tomcat-embed-jasper-9.0.41.jar;d:\maven-repo\org\apache\tomcat\embed\tomcat-embed-el\9.0.41\tomcat-embed-el-9.0.41.jar;d:\maven-repo\org\eclipse\jdt\ecj\3.18.0\ecj-3.18.0.jar;d:\maven-repo\org\hibernate\hibernate-core\5.3.14.Final\hibernate-core-5.3.14.Final.jar;d:\maven-repo\org\jboss\logging\jboss-logging\3.4.1.Final\jboss-logging-3.4.1.Final.jar;d:\maven-repo\javax\persistence\javax.persistence-api\2.2\javax.persistence-api-2.2.jar;d:\maven-repo\org\javassist\javassist\3.23.2-GA\javassist-3.23.2-GA.jar;d:\maven-repo\net\bytebuddy\byte-buddy\1.10.19\byte-buddy-1.10.19.jar;d:\maven-repo\antlr\antlr\2.7.7\antlr-2.7.7.jar;d:\maven-repo\org\jboss\spec\javax\transaction\jboss-transaction-api_1.2_spec\1.1.1.Final\jboss-transaction-api_1.2_spec-1.1.1.Final.jar;d:\maven-repo\org\jboss\jandex\2.0.5.Final\jandex-2.0.5.Final.jar;d:\maven-repo\com\fasterxml\classmate\1.5.1\classmate-1.5.1.jar;d:\maven-repo\javax\activation\javax.activation-api\1.2.0\javax.activation-api-1.2.0.jar;d:\maven-repo\org\dom4j\dom4j\2.1.1\dom4j-2.1.1.jar;d:\maven-repo\org\hibernate\common\hibernate-commons-annotations\5.0.4.Final\hibernate-commons-annotations-5.0.4.Final.jar;d:\maven-repo\javax\xml\bind\jaxb-api\2.3.1\jaxb-api-2.3.1.jar;d:\maven-repo\org\glassfish\jaxb\jaxb-runtime\2.3.3\jaxb-runtime-2.3.3.jar;d:\maven-repo\org\glassfish\jaxb\txw2\2.3.3\txw2-2.3.3.jar;d:\maven-repo\com\sun\istack\istack-commons-runtime\3.0.11\istack-commons-runtime-3.0.11.jar;d:\maven-repo\com\sun\activation\jakarta.activation\1.2.2\jakarta.activation-1.2.2.jar;d:\maven-repo\javax\servlet\jstl\1.2\jstl-1.2.jar;d:\maven-repo\de\mkammerer\argon2-jvm\2.7\argon2-jvm-2.7.jar;d:\maven-repo\net\java\dev\jna\jna\5.5.0\jna-5.5.0.jar;d:\maven-repo\com\google\code\gson\gson\2.8.6\gson-2.8.6.jar;d:\maven-repo\io\jsonwebtoken\jjwt\0.9.1\jjwt-0.9.1.jar;d:\maven-repo\com\fasterxml\jackson\core\jackson-databind\2.11.4\jackson-databind-2.11.4.jar;d:\maven-repo\com\fasterxml\jackson\core\jackson-annotations\2.11.4\jackson-annotations-2.11.4.jar;d:\maven-repo\com\fasterxml\jackson\core\jackson-core\2.11.4\jackson-core-2.11.4.jar;"/>
    <property name="java.vm.vendor" value="Oracle Corporation"/>
    <property name="sun.arch.data.model" value="32"/>
    <property name="user.variant" value=""/>
    <property name="java.vendor.url" value="http://java.oracle.com/"/>
    <property name="user.timezone" value="America/New_York"/>
    <property name="user.country.format" value="US"/>
    <property name="java.vm.specification.version" value="1.8"/>
    <property name="os.name" value="Windows 10"/>
    <property name="user.country" value="CN"/>
    <property name="sun.java.launcher" value="SUN_STANDARD"/>
    <property name="sun.boot.library.path" value="C:\Program Files (x86)\Java\jdk1.8.0_261\jre\bin"/>
    <property name="sun.java.command" value="C:\Users\bbq59\AppData\Local\Temp\surefire2467119876111501372\surefirebooter7107838517010236899.jar C:\Users\bbq59\AppData\Local\Temp\surefire2467119876111501372 2021-01-27T20-15-09_589-jvmRun1 surefire2979812887278860182tmp surefire_07679791387904559682tmp"/>
    <property name="surefire.test.class.path" value="C:\Users\bbq59\Documents\GitHub\BestTeamEver-Auth\target\test-classes;C:\Users\bbq59\Documents\GitHub\BestTeamEver-Auth\target\classes;d:\maven-repo\org\springframework\boot\spring-boot-starter-web\2.4.2\spring-boot-starter-web-2.4.2.jar;d:\maven-repo\org\springframework\boot\spring-boot-starter\2.4.2\spring-boot-starter-2.4.2.jar;d:\maven-repo\org\springframework\boot\spring-boot\2.4.2\spring-boot-2.4.2.jar;d:\maven-repo\org\springframework\boot\spring-boot-autoconfigure\2.4.2\spring-boot-autoconfigure-2.4.2.jar;d:\maven-repo\org\springframework\boot\spring-boot-starter-logging\2.4.2\spring-boot-starter-logging-2.4.2.jar;d:\maven-repo\ch\qos\logback\logback-classic\1.2.3\logback-classic-1.2.3.jar;d:\maven-repo\ch\qos\logback\logback-core\1.2.3\logback-core-1.2.3.jar;d:\maven-repo\org\apache\logging\log4j\log4j-to-slf4j\2.13.3\log4j-to-slf4j-2.13.3.jar;d:\maven-repo\org\apache\logging\log4j\log4j-api\2.13.3\log4j-api-2.13.3.jar;d:\maven-repo\org\slf4j\jul-to-slf4j\1.7.30\jul-to-slf4j-1.7.30.jar;d:\maven-repo\org\yaml\snakeyaml\1.27\snakeyaml-1.27.jar;d:\maven-repo\org\springframework\boot\spring-boot-starter-json\2.4.2\spring-boot-starter-json-2.4.2.jar;d:\maven-repo\com\fasterxml\jackson\datatype\jackson-datatype-jdk8\2.11.4\jackson-datatype-jdk8-2.11.4.jar;d:\maven-repo\com\fasterxml\jackson\datatype\jackson-datatype-jsr310\2.11.4\jackson-datatype-jsr310-2.11.4.jar;d:\maven-repo\com\fasterxml\jackson\module\jackson-module-parameter-names\2.11.4\jackson-module-parameter-names-2.11.4.jar;d:\maven-repo\org\springframework\spring-web\5.3.3\spring-web-5.3.3.jar;d:\maven-repo\org\springframework\spring-webmvc\5.3.3\spring-webmvc-5.3.3.jar;d:\maven-repo\org\springframework\spring-aop\5.3.3\spring-aop-5.3.3.jar;d:\maven-repo\org\springframework\spring-context\5.3.3\spring-context-5.3.3.jar;d:\maven-repo\org\springframework\spring-expression\5.3.3\spring-expression-5.3.3.jar;d:\maven-repo\org\projectlombok\lombok\1.18.16\lombok-1.18.16.jar;d:\maven-repo\org\springframework\boot\spring-boot-starter-tomcat\2.4.2\spring-boot-starter-tomcat-2.4.2.jar;d:\maven-repo\jakarta\annotation\jakarta.annotation-api\1.3.5\jakarta.annotation-api-1.3.5.jar;d:\maven-repo\org\apache\tomcat\embed\tomcat-embed-core\9.0.41\tomcat-embed-core-9.0.41.jar;d:\maven-repo\org\glassfish\jakarta.el\3.0.3\jakarta.el-3.0.3.jar;d:\maven-repo\org\apache\tomcat\embed\tomcat-embed-websocket\9.0.41\tomcat-embed-websocket-9.0.41.jar;d:\maven-repo\org\springframework\boot\spring-boot-starter-test\2.4.2\spring-boot-starter-test-2.4.2.jar;d:\maven-repo\org\springframework\boot\spring-boot-test\2.4.2\spring-boot-test-2.4.2.jar;d:\maven-repo\org\springframework\boot\spring-boot-test-autoconfigure\2.4.2\spring-boot-test-autoconfigure-2.4.2.jar;d:\maven-repo\com\jayway\jsonpath\json-path\2.4.0\json-path-2.4.0.jar;d:\maven-repo\net\minidev\json-smart\2.3\json-smart-2.3.jar;d:\maven-repo\net\minidev\accessors-smart\1.2\accessors-smart-1.2.jar;d:\maven-repo\org\ow2\asm\asm\5.0.4\asm-5.0.4.jar;d:\maven-repo\org\slf4j\slf4j-api\1.7.30\slf4j-api-1.7.30.jar;d:\maven-repo\jakarta\xml\bind\jakarta.xml.bind-api\2.3.3\jakarta.xml.bind-api-2.3.3.jar;d:\maven-repo\jakarta\activation\jakarta.activation-api\1.2.2\jakarta.activation-api-1.2.2.jar;d:\maven-repo\org\assertj\assertj-core\3.18.1\assertj-core-3.18.1.jar;d:\maven-repo\org\hamcrest\hamcrest\2.2\hamcrest-2.2.jar;d:\maven-repo\org\junit\jupiter\junit-jupiter\5.7.0\junit-jupiter-5.7.0.jar;d:\maven-repo\org\junit\jupiter\junit-jupiter-api\5.7.0\junit-jupiter-api-5.7.0.jar;d:\maven-repo\org\apiguardian\apiguardian-api\1.1.0\apiguardian-api-1.1.0.jar;d:\maven-repo\org\opentest4j\opentest4j\1.2.0\opentest4j-1.2.0.jar;d:\maven-repo\org\junit\platform\junit-platform-commons\1.7.0\junit-platform-commons-1.7.0.jar;d:\maven-repo\org\junit\jupiter\junit-jupiter-params\5.7.0\junit-jupiter-params-5.7.0.jar;d:\maven-repo\org\junit\jupiter\junit-jupiter-engine\5.7.0\junit-jupiter-engine-5.7.0.jar;d:\maven-repo\org\junit\platform\junit-platform-engine\1.7.0\junit-platform-engine-1.7.0.jar;d:\maven-repo\org\mockito\mockito-core\3.6.28\mockito-core-3.6.28.jar;d:\maven-repo\net\bytebuddy\byte-buddy-agent\1.10.19\byte-buddy-agent-1.10.19.jar;d:\maven-repo\org\objenesis\objenesis\3.1\objenesis-3.1.jar;d:\maven-repo\org\mockito\mockito-junit-jupiter\3.6.28\mockito-junit-jupiter-3.6.28.jar;d:\maven-repo\org\skyscreamer\jsonassert\1.5.0\jsonassert-1.5.0.jar;d:\maven-repo\com\vaadin\external\google\android-json\0.0.20131108.vaadin1\android-json-0.0.20131108.vaadin1.jar;d:\maven-repo\org\springframework\spring-core\5.3.3\spring-core-5.3.3.jar;d:\maven-repo\org\springframework\spring-jcl\5.3.3\spring-jcl-5.3.3.jar;d:\maven-repo\org\springframework\spring-test\5.3.3\spring-test-5.3.3.jar;d:\maven-repo\org\xmlunit\xmlunit-core\2.7.0\xmlunit-core-2.7.0.jar;d:\maven-repo\javax\javaee-web-api\8.0.1\javaee-web-api-8.0.1.jar;d:\maven-repo\mysql\mysql-connector-java\8.0.21\mysql-connector-java-8.0.21.jar;d:\maven-repo\org\springframework\spring-orm\5.3.3\spring-orm-5.3.3.jar;d:\maven-repo\org\springframework\spring-beans\5.3.3\spring-beans-5.3.3.jar;d:\maven-repo\org\springframework\spring-jdbc\5.3.3\spring-jdbc-5.3.3.jar;d:\maven-repo\org\springframework\spring-tx\5.3.3\spring-tx-5.3.3.jar;d:\maven-repo\org\apache\tomcat\embed\tomcat-embed-jasper\9.0.41\tomcat-embed-jasper-9.0.41.jar;d:\maven-repo\org\apache\tomcat\embed\tomcat-embed-el\9.0.41\tomcat-embed-el-9.0.41.jar;d:\maven-repo\org\eclipse\jdt\ecj\3.18.0\ecj-3.18.0.jar;d:\maven-repo\org\hibernate\hibernate-core\5.3.14.Final\hibernate-core-5.3.14.Final.jar;d:\maven-repo\org\jboss\logging\jboss-logging\3.4.1.Final\jboss-logging-3.4.1.Final.jar;d:\maven-repo\javax\persistence\javax.persistence-api\2.2\javax.persistence-api-2.2.jar;d:\maven-repo\org\javassist\javassist\3.23.2-GA\javassist-3.23.2-GA.jar;d:\maven-repo\net\bytebuddy\byte-buddy\1.10.19\byte-buddy-1.10.19.jar;d:\maven-repo\antlr\antlr\2.7.7\antlr-2.7.7.jar;d:\maven-repo\org\jboss\spec\javax\transaction\jboss-transaction-api_1.2_spec\1.1.1.Final\jboss-transaction-api_1.2_spec-1.1.1.Final.jar;d:\maven-repo\org\jboss\jandex\2.0.5.Final\jandex-2.0.5.Final.jar;d:\maven-repo\com\fasterxml\classmate\1.5.1\classmate-1.5.1.jar;d:\maven-repo\javax\activation\javax.activation-api\1.2.0\javax.activation-api-1.2.0.jar;d:\maven-repo\org\dom4j\dom4j\2.1.1\dom4j-2.1.1.jar;d:\maven-repo\org\hibernate\common\hibernate-commons-annotations\5.0.4.Final\hibernate-commons-annotations-5.0.4.Final.jar;d:\maven-repo\javax\xml\bind\jaxb-api\2.3.1\jaxb-api-2.3.1.jar;d:\maven-repo\org\glassfish\jaxb\jaxb-runtime\2.3.3\jaxb-runtime-2.3.3.jar;d:\maven-repo\org\glassfish\jaxb\txw2\2.3.3\txw2-2.3.3.jar;d:\maven-repo\com\sun\istack\istack-commons-runtime\3.0.11\istack-commons-runtime-3.0.11.jar;d:\maven-repo\com\sun\activation\jakarta.activation\1.2.2\jakarta.activation-1.2.2.jar;d:\maven-repo\javax\servlet\jstl\1.2\jstl-1.2.jar;d:\maven-repo\de\mkammerer\argon2-jvm\2.7\argon2-jvm-2.7.jar;d:\maven-repo\net\java\dev\jna\jna\5.5.0\jna-5.5.0.jar;d:\maven-repo\com\google\code\gson\gson\2.8.6\gson-2.8.6.jar;d:\maven-repo\io\jsonwebtoken\jjwt\0.9.1\jjwt-0.9.1.jar;d:\maven-repo\com\fasterxml\jackson\core\jackson-databind\2.11.4\jackson-databind-2.11.4.jar;d:\maven-repo\com\fasterxml\jackson\core\jackson-annotations\2.11.4\jackson-annotations-2.11.4.jar;d:\maven-repo\com\fasterxml\jackson\core\jackson-core\2.11.4\jackson-core-2.11.4.jar;"/>
    <property name="sun.cpu.endian" value="little"/>
    <property name="user.home" value="C:\Users\bbq59"/>
    <property name="user.language" value="zh"/>
    <property name="java.specification.vendor" value="Oracle Corporation"/>
    <property name="java.home" value="C:\Program Files (x86)\Java\jdk1.8.0_261\jre"/>
    <property name="basedir" value="C:\Users\bbq59\Documents\GitHub\BestTeamEver-Auth"/>
    <property name="file.separator" value="\"/>
    <property name="line.separator" value="&#10;"/>
    <property name="java.vm.specification.vendor" value="Oracle Corporation"/>
    <property name="java.specification.name" value="Java Platform API Specification"/>
    <property name="java.awt.graphicsenv" value="sun.awt.Win32GraphicsEnvironment"/>
    <property name="surefire.real.class.path" value="C:\Users\bbq59\AppData\Local\Temp\surefire2467119876111501372\surefirebooter7107838517010236899.jar"/>
    <property name="sun.boot.class.path" value="C:\Program Files (x86)\Java\jdk1.8.0_261\jre\lib\resources.jar;C:\Program Files (x86)\Java\jdk1.8.0_261\jre\lib\rt.jar;C:\Program Files (x86)\Java\jdk1.8.0_261\jre\lib\sunrsasign.jar;C:\Program Files (x86)\Java\jdk1.8.0_261\jre\lib\jsse.jar;C:\Program Files (x86)\Java\jdk1.8.0_261\jre\lib\jce.jar;C:\Program Files (x86)\Java\jdk1.8.0_261\jre\lib\charsets.jar;C:\Program Files (x86)\Java\jdk1.8.0_261\jre\lib\jfr.jar;C:\Program Files (x86)\Java\jdk1.8.0_261\jre\classes"/>
    <property name="user.script" value=""/>
    <property name="sun.management.compiler" value="HotSpot Client Compiler"/>
    <property name="java.runtime.version" value="1.8.0_261-b12"/>
    <property name="user.name" value="bbq59"/>
    <property name="path.separator" value=";"/>
    <property name="os.version" value="10.0"/>
    <property name="java.endorsed.dirs" value="C:\Program Files (x86)\Java\jdk1.8.0_261\jre\lib\endorsed"/>
    <property name="java.runtime.name" value="Java(TM) SE Runtime Environment"/>
    <property name="file.encoding" value="GBK"/>
    <property name="java.vm.name" value="Java HotSpot(TM) Client VM"/>
    <property name="localRepository" value="d:\maven-repo"/>
    <property name="java.vendor.url.bug" value="http://bugreport.sun.com/bugreport/"/>
    <property name="java.io.tmpdir" value="C:\Users\bbq59\AppData\Local\Temp\"/>
    <property name="idea.version" value="2020.3.1"/>
    <property name="java.version" value="1.8.0_261"/>
    <property name="user.dir" value="C:\Users\bbq59\Documents\GitHub\BestTeamEver-Auth"/>
    <property name="os.arch" value="x86"/>
    <property name="java.vm.specification.name" value="Java Virtual Machine Specification"/>
    <property name="java.awt.printerjob" value="sun.awt.windows.WPrinterJob"/>
    <property name="user.language.format" value="en"/>
    <property name="sun.os.patch.level" value=""/>
    <property name="java.library.path" value="C:\Program Files (x86)\Java\jdk1.8.0_261\jre\bin;C:\WINDOWS\Sun\Java\bin;C:\WINDOWS\system32;C:\WINDOWS;C:\Program Files (x86)\Common Files\Oracle\Java\javapath;C:\Python38\Scripts\;C:\Python38\;C:\ProgramData\Anaconda3;C:\ProgramData\Anaconda3\Library\mingw-w64\bin;C:\ProgramData\Anaconda3\Library\usr\bin;C:\ProgramData\Anaconda3\Library\bin;C:\ProgramData\Anaconda3\Scripts;D:\oracle\dbhomeXE\bin;C:\Windows\system32;C:\Windows;C:\Windows\System32\Wbem;C:\Windows\System32\WindowsPowerShell\v1.0\;C:\Windows\System32\OpenSSH\;C:\Program Files (x86)\NVIDIA Corporation\PhysX\Common;C:\Program Files\NVIDIA Corporation\NVIDIA NvDLISR;C:\Program Files\Intel\WiFi\bin\;C:\Program Files\Common Files\Intel\WirelessCommon\;C:\Program Files\dotnet\;C:\Program Files (x86)\Intel\Intel(R) Management Engine Components\DAL;C:\Program Files\Intel\Intel(R) Management Engine Components\DAL;C:\WINDOWS\system32;C:\WINDOWS;C:\WINDOWS\System32\Wbem;C:\WINDOWS\System32\WindowsPowerShell\v1.0\;C:\WINDOWS\System32\OpenSSH\;C:\Program Files\Java\jdk-12.0.2\bin;C:\Program Files\Git\cmd;D:\spyder\Scripts;D:\spyder;D:\spyder\Library;D:\spyder\Lib;D:\spyder\Lib\site-packages\IPython\core;D:\spyder\Lib\site-packages;C:\Gradle\gradle-6.3\bin;C:\ProgramData\chocolatey\bin;D:\apache-maven-3.6.3\bin;C:\Program Files\nodejs\;C:\Program Files\MySQL\MySQL Shell 8.0\bin\;C:\Users\bbq59\AppData\Local\Microsoft\WindowsApps;C:\Program Files\Intel\WiFi\bin\;C:\Program Files\Common Files\Intel\WirelessCommon\;C:\Users\bbq59\AppData\Local\Programs\Microsoft VS Code\bin;C:\Program Files\Java\jdk-12.0.2\bin;C:\Users\bbq59\AppData\Local\GitHubDesktop\bin;C:\Program Files\JetBrains\PyCharm Community Edition 2020.1.2\bin;;C:\Program Files\MySQL\MySQL Server 8.0\bin;;D:\Program Files\JetBrains\IntelliJ IDEA 2020.2\bin;;C:\Users\bbq59\AppData\Roaming\npm;."/>
    <property name="java.vm.info" value="mixed mode"/>
    <property name="java.vendor" value="Oracle Corporation"/>
    <property name="java.vm.version" value="25.261-b12"/>
    <property name="java.ext.dirs" value="C:\Program Files (x86)\Java\jdk1.8.0_261\jre\lib\ext;C:\WINDOWS\Sun\Java\lib\ext"/>
    <property name="sun.io.unicode.encoding" value="UnicodeLittle"/>
    <property name="java.class.version" value="52.0"/>
  </properties>
  <testcase name="contextLoads" classname="com.bfs.auth.AuthApplicationTests" time="0.06"/>
</testsuite>